<?xml version="1.0" encoding="UTF-8"?>
<!-- Generated by org.testng.reporters.JUnitXMLReporter -->
<testsuite hostname="eqxaaadev01" name="Verify Title IMDB Top 250 Movies page and Save the data into database" tests="2" failures="1" timestamp="11 Feb 2015 15:46:02 GMT" time="135.319" errors="0">
  <testcase name="getFirst250MoviesFromIMDB" time="102.509" classname="com.FetchTopData">
    <failure type="java.lang.AssertionError" message="expected [IMDb Top 250 - IMDb] but found [IMDb Top 250 - IMDb1]">
      <![CDATA[java.lang.AssertionError: expected [IMDb Top 250 - IMDb] but found [IMDb Top 250 - IMDb1]
	at com.common.Assertions.verifyEqual(Assertions.java:16)
	at com.FetchTopData.getFirst250MoviesFromIMDB(FetchTopData.java:40)
... Removed 29 stack frames]]>
    </failure>
  </testcase> <!-- getFirst250MoviesFromIMDB -->
  <testcase name="saveAndPrintMoviesDetails" time="0.002" classname="com.FetchTopData">
    <skipped/>
  </testcase> <!-- saveAndPrintMoviesDetails -->
</testsuite> <!-- Verify Title IMDB Top 250 Movies page and Save the data into database -->
